2020-05-02 00:13:42,119 ERROR 21922 [-/127.0.0.1/-/2726ms POST /api/code/produce] nodejs.SyntaxError: Unexpected token {
    at Helper.objStr2Obj (/Volumes/MY_USB/work/opensource/jsyang-admin/app/extend/helper.js:33:47)
    at CodeController.produce (/Volumes/MY_USB/work/opensource/jsyang-admin/app/controller/code.js:61:46)
    at Object.callFn (/Volumes/MY_USB/work/opensource/jsyang-admin/node_modules/.4.17.4@egg-core/lib/utils/index.js:44:21)
    at Object.classControllerMiddleware (/Volumes/MY_USB/work/opensource/jsyang-admin/node_modules/.4.17.4@egg-core/lib/loader/mixin/controller.js:87:20)
    at Object.callFn (/Volumes/MY_USB/work/opensource/jsyang-admin/node_modules/.2.0.0@@eggjs/router/lib/utils.js:12:21)
    at wrappedController (/Volumes/MY_USB/work/opensource/jsyang-admin/node_modules/.2.0.0@@eggjs/router/lib/egg_router.js:322:18)
    at dispatch (/Volumes/MY_USB/work/opensource/jsyang-admin/node_modules/.3.2.1@koa-compose/index.js:44:32)
    at next (/Volumes/MY_USB/work/opensource/jsyang-admin/node_modules/.3.2.1@koa-compose/index.js:45:18)
    at /Volumes/MY_USB/work/opensource/jsyang-admin/node_modules/.2.0.0@@eggjs/router/lib/router.js:190:18
    at dispatch (/Volumes/MY_USB/work/opensource/jsyang-admin/node_modules/.3.2.1@koa-compose/index.js:44:32)
    at /Volumes/MY_USB/work/opensource/jsyang-admin/node_modules/.3.2.1@koa-compose/index.js:36:12
    at dispatch (/Volumes/MY_USB/work/opensource/jsyang-admin/node_modules/.2.0.0@@eggjs/router/lib/router.js:195:33)
    at dispatch (/Volumes/MY_USB/work/opensource/jsyang-admin/node_modules/.4.1.0@koa-compose/index.js:42:32)
    at errorHandler (/Volumes/MY_USB/work/opensource/jsyang-admin/app/middleware/error_handler.js:4:13)
    at fn (/Volumes/MY_USB/work/opensource/jsyang-admin/node_modules/.4.17.4@egg-core/lib/loader/mixin/middleware.js:112:12)
    at dispatch (/Volumes/MY_USB/work/opensource/jsyang-admin/node_modules/.4.1.0@koa-compose/index.js:42:32)
    at /Volumes/MY_USB/work/opensource/jsyang-admin/node_modules/.2.4.3@egg-development/app/middleware/egg_loader_trace.js:9:56
    at dispatch (/Volumes/MY_USB/work/opensource/jsyang-admin/node_modules/.4.1.0@koa-compose/index.js:42:32)
    at multipart (/Volumes/MY_USB/work/opensource/jsyang-admin/node_modules/.2.10.2@egg-multipart/app/middleware/multipart.js:10:38)
    at dispatch (/Volumes/MY_USB/work/opensource/jsyang-admin/node_modules/.4.1.0@koa-compose/index.js:42:32)
    at i18n (/Volumes/MY_USB/work/opensource/jsyang-admin/node_modules/.2.1.1@egg-i18n/app/middleware/i18n.js:13:12)
    at dispatch (/Volumes/MY_USB/work/opensource/jsyang-admin/node_modules/.4.1.0@koa-compose/index.js:42:32)

pid: 21922
hostname: huangyaangdeAir.lan

2020-05-02 00:17:42,286 ERROR 21922 [-/127.0.0.1/-/630ms POST /api/code/produce] nodejs.SyntaxError: Unexpected identifier
    at Helper.objStr2Obj (/Volumes/MY_USB/work/opensource/jsyang-admin/app/extend/helper.js:33:47)
    at CodeController.produce (/Volumes/MY_USB/work/opensource/jsyang-admin/app/controller/code.js:61:46)
    at Object.callFn (/Volumes/MY_USB/work/opensource/jsyang-admin/node_modules/.4.17.4@egg-core/lib/utils/index.js:44:21)
    at Object.classControllerMiddleware (/Volumes/MY_USB/work/opensource/jsyang-admin/node_modules/.4.17.4@egg-core/lib/loader/mixin/controller.js:87:20)
    at Object.callFn (/Volumes/MY_USB/work/opensource/jsyang-admin/node_modules/.2.0.0@@eggjs/router/lib/utils.js:12:21)
    at wrappedController (/Volumes/MY_USB/work/opensource/jsyang-admin/node_modules/.2.0.0@@eggjs/router/lib/egg_router.js:322:18)
    at dispatch (/Volumes/MY_USB/work/opensource/jsyang-admin/node_modules/.3.2.1@koa-compose/index.js:44:32)
    at next (/Volumes/MY_USB/work/opensource/jsyang-admin/node_modules/.3.2.1@koa-compose/index.js:45:18)
    at /Volumes/MY_USB/work/opensource/jsyang-admin/node_modules/.2.0.0@@eggjs/router/lib/router.js:190:18
    at dispatch (/Volumes/MY_USB/work/opensource/jsyang-admin/node_modules/.3.2.1@koa-compose/index.js:44:32)
    at /Volumes/MY_USB/work/opensource/jsyang-admin/node_modules/.3.2.1@koa-compose/index.js:36:12
    at dispatch (/Volumes/MY_USB/work/opensource/jsyang-admin/node_modules/.2.0.0@@eggjs/router/lib/router.js:195:33)
    at dispatch (/Volumes/MY_USB/work/opensource/jsyang-admin/node_modules/.4.1.0@koa-compose/index.js:42:32)
    at errorHandler (/Volumes/MY_USB/work/opensource/jsyang-admin/app/middleware/error_handler.js:4:13)
    at fn (/Volumes/MY_USB/work/opensource/jsyang-admin/node_modules/.4.17.4@egg-core/lib/loader/mixin/middleware.js:112:12)
    at dispatch (/Volumes/MY_USB/work/opensource/jsyang-admin/node_modules/.4.1.0@koa-compose/index.js:42:32)
    at /Volumes/MY_USB/work/opensource/jsyang-admin/node_modules/.2.4.3@egg-development/app/middleware/egg_loader_trace.js:9:56
    at dispatch (/Volumes/MY_USB/work/opensource/jsyang-admin/node_modules/.4.1.0@koa-compose/index.js:42:32)
    at multipart (/Volumes/MY_USB/work/opensource/jsyang-admin/node_modules/.2.10.2@egg-multipart/app/middleware/multipart.js:10:38)
    at dispatch (/Volumes/MY_USB/work/opensource/jsyang-admin/node_modules/.4.1.0@koa-compose/index.js:42:32)
    at i18n (/Volumes/MY_USB/work/opensource/jsyang-admin/node_modules/.2.1.1@egg-i18n/app/middleware/i18n.js:13:12)
    at dispatch (/Volumes/MY_USB/work/opensource/jsyang-admin/node_modules/.4.1.0@koa-compose/index.js:42:32)

pid: 21922
hostname: huangyaangdeAir.lan

2020-05-02 00:20:04,715 ERROR 21922 [-/127.0.0.1/-/2521ms POST /api/code/produce] nodejs.SyntaxError: Unexpected identifier
    at Helper.objStr2Obj (/Volumes/MY_USB/work/opensource/jsyang-admin/app/extend/helper.js:33:47)
    at CodeController.produce (/Volumes/MY_USB/work/opensource/jsyang-admin/app/controller/code.js:61:46)
    at Object.callFn (/Volumes/MY_USB/work/opensource/jsyang-admin/node_modules/.4.17.4@egg-core/lib/utils/index.js:44:21)
    at Object.classControllerMiddleware (/Volumes/MY_USB/work/opensource/jsyang-admin/node_modules/.4.17.4@egg-core/lib/loader/mixin/controller.js:87:20)
    at Object.callFn (/Volumes/MY_USB/work/opensource/jsyang-admin/node_modules/.2.0.0@@eggjs/router/lib/utils.js:12:21)
    at wrappedController (/Volumes/MY_USB/work/opensource/jsyang-admin/node_modules/.2.0.0@@eggjs/router/lib/egg_router.js:322:18)
    at dispatch (/Volumes/MY_USB/work/opensource/jsyang-admin/node_modules/.3.2.1@koa-compose/index.js:44:32)
    at next (/Volumes/MY_USB/work/opensource/jsyang-admin/node_modules/.3.2.1@koa-compose/index.js:45:18)
    at /Volumes/MY_USB/work/opensource/jsyang-admin/node_modules/.2.0.0@@eggjs/router/lib/router.js:190:18
    at dispatch (/Volumes/MY_USB/work/opensource/jsyang-admin/node_modules/.3.2.1@koa-compose/index.js:44:32)
    at /Volumes/MY_USB/work/opensource/jsyang-admin/node_modules/.3.2.1@koa-compose/index.js:36:12
    at dispatch (/Volumes/MY_USB/work/opensource/jsyang-admin/node_modules/.2.0.0@@eggjs/router/lib/router.js:195:33)
    at dispatch (/Volumes/MY_USB/work/opensource/jsyang-admin/node_modules/.4.1.0@koa-compose/index.js:42:32)
    at errorHandler (/Volumes/MY_USB/work/opensource/jsyang-admin/app/middleware/error_handler.js:4:13)
    at fn (/Volumes/MY_USB/work/opensource/jsyang-admin/node_modules/.4.17.4@egg-core/lib/loader/mixin/middleware.js:112:12)
    at dispatch (/Volumes/MY_USB/work/opensource/jsyang-admin/node_modules/.4.1.0@koa-compose/index.js:42:32)
    at /Volumes/MY_USB/work/opensource/jsyang-admin/node_modules/.2.4.3@egg-development/app/middleware/egg_loader_trace.js:9:56
    at dispatch (/Volumes/MY_USB/work/opensource/jsyang-admin/node_modules/.4.1.0@koa-compose/index.js:42:32)
    at multipart (/Volumes/MY_USB/work/opensource/jsyang-admin/node_modules/.2.10.2@egg-multipart/app/middleware/multipart.js:10:38)
    at dispatch (/Volumes/MY_USB/work/opensource/jsyang-admin/node_modules/.4.1.0@koa-compose/index.js:42:32)
    at i18n (/Volumes/MY_USB/work/opensource/jsyang-admin/node_modules/.2.1.1@egg-i18n/app/middleware/i18n.js:13:12)
    at dispatch (/Volumes/MY_USB/work/opensource/jsyang-admin/node_modules/.4.1.0@koa-compose/index.js:42:32)

pid: 21922
hostname: huangyaangdeAir.lan

2020-05-02 00:23:13,976 ERROR 21922 [-/127.0.0.1/-/563ms POST /api/code/produce] nodejs.SyntaxError: Unexpected identifier
    at Helper.objStr2Obj (/Volumes/MY_USB/work/opensource/jsyang-admin/app/extend/helper.js:33:47)
    at CodeController.produce (/Volumes/MY_USB/work/opensource/jsyang-admin/app/controller/code.js:61:46)
    at Object.callFn (/Volumes/MY_USB/work/opensource/jsyang-admin/node_modules/.4.17.4@egg-core/lib/utils/index.js:44:21)
    at Object.classControllerMiddleware (/Volumes/MY_USB/work/opensource/jsyang-admin/node_modules/.4.17.4@egg-core/lib/loader/mixin/controller.js:87:20)
    at Object.callFn (/Volumes/MY_USB/work/opensource/jsyang-admin/node_modules/.2.0.0@@eggjs/router/lib/utils.js:12:21)
    at wrappedController (/Volumes/MY_USB/work/opensource/jsyang-admin/node_modules/.2.0.0@@eggjs/router/lib/egg_router.js:322:18)
    at dispatch (/Volumes/MY_USB/work/opensource/jsyang-admin/node_modules/.3.2.1@koa-compose/index.js:44:32)
    at next (/Volumes/MY_USB/work/opensource/jsyang-admin/node_modules/.3.2.1@koa-compose/index.js:45:18)
    at /Volumes/MY_USB/work/opensource/jsyang-admin/node_modules/.2.0.0@@eggjs/router/lib/router.js:190:18
    at dispatch (/Volumes/MY_USB/work/opensource/jsyang-admin/node_modules/.3.2.1@koa-compose/index.js:44:32)
    at /Volumes/MY_USB/work/opensource/jsyang-admin/node_modules/.3.2.1@koa-compose/index.js:36:12
    at dispatch (/Volumes/MY_USB/work/opensource/jsyang-admin/node_modules/.2.0.0@@eggjs/router/lib/router.js:195:33)
    at dispatch (/Volumes/MY_USB/work/opensource/jsyang-admin/node_modules/.4.1.0@koa-compose/index.js:42:32)
    at errorHandler (/Volumes/MY_USB/work/opensource/jsyang-admin/app/middleware/error_handler.js:4:13)
    at fn (/Volumes/MY_USB/work/opensource/jsyang-admin/node_modules/.4.17.4@egg-core/lib/loader/mixin/middleware.js:112:12)
    at dispatch (/Volumes/MY_USB/work/opensource/jsyang-admin/node_modules/.4.1.0@koa-compose/index.js:42:32)
    at /Volumes/MY_USB/work/opensource/jsyang-admin/node_modules/.2.4.3@egg-development/app/middleware/egg_loader_trace.js:9:56
    at dispatch (/Volumes/MY_USB/work/opensource/jsyang-admin/node_modules/.4.1.0@koa-compose/index.js:42:32)
    at multipart (/Volumes/MY_USB/work/opensource/jsyang-admin/node_modules/.2.10.2@egg-multipart/app/middleware/multipart.js:10:38)
    at dispatch (/Volumes/MY_USB/work/opensource/jsyang-admin/node_modules/.4.1.0@koa-compose/index.js:42:32)
    at i18n (/Volumes/MY_USB/work/opensource/jsyang-admin/node_modules/.2.1.1@egg-i18n/app/middleware/i18n.js:13:12)
    at dispatch (/Volumes/MY_USB/work/opensource/jsyang-admin/node_modules/.4.1.0@koa-compose/index.js:42:32)

pid: 21922
hostname: huangyaangdeAir.lan

2020-05-02 10:36:23,742 ERROR 21921 nodejs.ClusterClientNoResponseError: client no response in 35472774ms exceeding maxIdleTime 60000ms, maybe the connection is close on other side.
    at Timeout.Leader._heartbeatTimer.setInterval [as _onTimeout] (/Volumes/MY_USB/work/opensource/jsyang-admin/node_modules/.3.0.1@cluster-client/lib/leader.js:77:23)
    at ontimeout (timers.js:436:11)
    at tryOnTimeout (timers.js:300:5)
    at listOnTimeout (timers.js:263:5)
    at Timer.processTimers (timers.js:223:10)
name: "ClusterClientNoResponseError"
pid: 21921
hostname: huangyaangdeAir.lan

2020-05-02 16:16:49,137 ERROR 43153 [-/127.0.0.1/-/61ms POST /api/goods] nodejs.SequelizeDatabaseError: Incorrect string value: '\xF0\x9F\x98\x84</...' for column 'detail' at row 1
    at Query.formatError (/Volumes/MY_USB/work/opensource/jsyang-admin/node_modules/.4.44.4@sequelize/lib/dialects/mysql/query.js:247:16)
    at Query.handler [as onResult] (/Volumes/MY_USB/work/opensource/jsyang-admin/node_modules/.4.44.4@sequelize/lib/dialects/mysql/query.js:68:23)
    at Query.execute (/Volumes/MY_USB/work/opensource/jsyang-admin/node_modules/.1.7.0@mysql2/lib/commands/command.js:30:14)
    at Connection.handlePacket (/Volumes/MY_USB/work/opensource/jsyang-admin/node_modules/.1.7.0@mysql2/lib/connection.js:408:32)
    at PacketParser.Connection.packetParser.p [as onPacket] (/Volumes/MY_USB/work/opensource/jsyang-admin/node_modules/.1.7.0@mysql2/lib/connection.js:70:12)
    at PacketParser.executeStart (/Volumes/MY_USB/work/opensource/jsyang-admin/node_modules/.1.7.0@mysql2/lib/packet_parser.js:75:16)
    at Socket.Connection.stream.on.data (/Volumes/MY_USB/work/opensource/jsyang-admin/node_modules/.1.7.0@mysql2/lib/connection.js:77:25)
    at Socket.emit (events.js:198:13)
    at addChunk (_stream_readable.js:288:12)
    at readableAddChunk (_stream_readable.js:269:11)
    at Socket.Readable.push (_stream_readable.js:224:10)
    at TCP.onStreamRead [as onread] (internal/stream_base_commons.js:94:17)
From previous event:
    at Promise.longStackTracesCaptureStackTrace [as _captureStackTrace] (/Volumes/MY_USB/work/opensource/jsyang-admin/node_modules/.3.7.2@bluebird/js/release/debuggability.js:482:19)
    at Promise._then (/Volumes/MY_USB/work/opensource/jsyang-admin/node_modules/.3.7.2@bluebird/js/release/promise.js:261:17)
    at Promise.then (/Volumes/MY_USB/work/opensource/jsyang-admin/node_modules/.3.7.2@bluebird/js/release/promise.js:154:17)
    at model.save (/Volumes/MY_USB/work/opensource/jsyang-admin/node_modules/.4.44.4@sequelize/lib/model.js:3661:8)
    at Function.create (/Volumes/MY_USB/work/opensource/jsyang-admin/node_modules/.4.44.4@sequelize/lib/model.js:2023:8)
    at GoodController.create (/Volumes/MY_USB/work/opensource/jsyang-admin/app/controller/goods.js:33:41)
    at Object.callFn (/Volumes/MY_USB/work/opensource/jsyang-admin/node_modules/.4.17.4@egg-core/lib/utils/index.js:44:21)
    at Object.classControllerMiddleware (/Volumes/MY_USB/work/opensource/jsyang-admin/node_modules/.4.17.4@egg-core/lib/loader/mixin/controller.js:87:20)
    at Object.callFn (/Volumes/MY_USB/work/opensource/jsyang-admin/node_modules/.2.0.0@@eggjs/router/lib/utils.js:12:21)
    at wrappedController (/Volumes/MY_USB/work/opensource/jsyang-admin/node_modules/.2.0.0@@eggjs/router/lib/egg_router.js:322:18)
    at dispatch (/Volumes/MY_USB/work/opensource/jsyang-admin/node_modules/.3.2.1@koa-compose/index.js:44:32)
    at next (/Volumes/MY_USB/work/opensource/jsyang-admin/node_modules/.3.2.1@koa-compose/index.js:45:18)
    at /Volumes/MY_USB/work/opensource/jsyang-admin/node_modules/.2.0.0@@eggjs/router/lib/router.js:190:18
    at dispatch (/Volumes/MY_USB/work/opensource/jsyang-admin/node_modules/.3.2.1@koa-compose/index.js:44:32)
    at /Volumes/MY_USB/work/opensource/jsyang-admin/node_modules/.3.2.1@koa-compose/index.js:36:12
    at dispatch (/Volumes/MY_USB/work/opensource/jsyang-admin/node_modules/.2.0.0@@eggjs/router/lib/router.js:195:33)
    at dispatch (/Volumes/MY_USB/work/opensource/jsyang-admin/node_modules/.4.1.0@koa-compose/index.js:42:32)
    at errorHandler (/Volumes/MY_USB/work/opensource/jsyang-admin/app/middleware/error_handler.js:4:13)
    at fn (/Volumes/MY_USB/work/opensource/jsyang-admin/node_modules/.4.17.4@egg-core/lib/loader/mixin/middleware.js:112:12)
    at dispatch (/Volumes/MY_USB/work/opensource/jsyang-admin/node_modules/.4.1.0@koa-compose/index.js:42:32)
    at /Volumes/MY_USB/work/opensource/jsyang-admin/node_modules/.2.4.3@egg-development/app/middleware/egg_loader_trace.js:9:56
    at dispatch (/Volumes/MY_USB/work/opensource/jsyang-admin/node_modules/.4.1.0@koa-compose/index.js:42:32)
    at multipart (/Volumes/MY_USB/work/opensource/jsyang-admin/node_modules/.2.10.2@egg-multipart/app/middleware/multipart.js:10:38)
    at dispatch (/Volumes/MY_USB/work/opensource/jsyang-admin/node_modules/.4.1.0@koa-compose/index.js:42:32)
    at i18n (/Volumes/MY_USB/work/opensource/jsyang-admin/node_modules/.2.1.1@egg-i18n/app/middleware/i18n.js:13:12)
    at dispatch (/Volumes/MY_USB/work/opensource/jsyang-admin/node_modules/.4.1.0@koa-compose/index.js:42:32)
    at dispatch (/Volumes/MY_USB/work/opensource/jsyang-admin/node_modules/.4.1.0@koa-compose/index.js:42:32)
    at dta (/Volumes/MY_USB/work/opensource/jsyang-admin/node_modules/.2.8.0@egg-security/lib/middlewares/dta.js:12:12)
name: "SequelizeDatabaseError"
parent: {"code":"ER_TRUNCATED_WRONG_VALUE_FOR_FIELD","errno":1366,"sqlState":"HY000","sqlMessage":"Incorrect string value: '\\xF0\\x9F\\x98\\x84</...' for column 'detail' at row 1","sql":"INSERT INTO `goods` (`id`,`title`,`category`,`img`,`detail`,`storeNumber`,`status`,`created_at`,`updated_at`) VALUES (DEFAULT,'西瓜','1','http://qiniu.huangyanyang.cn/%E4%B8%8B%E8%BD%BD.jpeg?e=1899447359&token=yJZVuefudvPOEN-uE4jitDOAV-cOEENk69dbd1Pt:Qiu8doi_zTKUwC5mT28l_wLPcZ0=','<h1><span style=\\\"font-family: 微软雅黑;\\\">西瓜服装</span>哈哈<span style=\\\"font-family: -apple-system, BlinkMacSystemFont, &quot;Segoe UI&quot;, &quot;PingFang SC&quot;, &quot;Hiragino Sans GB&quot;, &quot;Microsoft YaHei&quot;, &quot;Helvetica Neue&quot;, Helvetica, Arial, sans-serif, &quot;Apple Color Emoji&quot;, &quot;Segoe UI Emoji&quot;, &quot;Segoe UI Symbol&quot;;\\\">😄</span></h1>','300','2','2020-05-02 08:16:49','2020-05-02 08:16:49');"}
original: {"code":"ER_TRUNCATED_WRONG_VALUE_FOR_FIELD","errno":1366,"sqlState":"HY000","sqlMessage":"Incorrect string value: '\\xF0\\x9F\\x98\\x84</...' for column 'detail' at row 1","sql":"INSERT INTO `goods` (`id`,`title`,`category`,`img`,`detail`,`storeNumber`,`status`,`created_at`,`updated_at`) VALUES (DEFAULT,'西瓜','1','http://qiniu.huangyanyang.cn/%E4%B8%8B%E8%BD%BD.jpeg?e=1899447359&token=yJZVuefudvPOEN-uE4jitDOAV-cOEENk69dbd1Pt:Qiu8doi_zTKUwC5mT28l_wLPcZ0=','<h1><span style=\\\"font-family: 微软雅黑;\\\">西瓜服装</span>哈哈<span style=\\\"font-family: -apple-system, BlinkMacSystemFont, &quot;Segoe UI&quot;, &quot;PingFang SC&quot;, &quot;Hiragino Sans GB&quot;, &quot;Microsoft YaHei&quot;, &quot;Helvetica Neue&quot;, Helvetica, Arial, sans-serif, &quot;Apple Color Emoji&quot;, &quot;Segoe UI Emoji&quot;, &quot;Segoe UI Symbol&quot;;\\\">😄</span></h1>','300','2','2020-05-02 08:16:49','2020-05-02 08:16:49');"}
sql: "INSERT INTO `goods` (`id`,`title`,`category`,`img`,`detail`,`storeNumber`,`status`,`created_at`,`updated_at`) VALUES (DEFAULT,'西瓜','1','http://qiniu.huangyanyang.cn/%E4%B8%8B%E8%BD%BD.jpeg?e=1899447359&token=yJZVuefudvPOEN-uE4jitDOAV-cOEENk69dbd1Pt:Qiu8doi_zTKUwC5mT28l_wLPcZ0=','<h1><span style=\\\"font-family: 微软雅黑;\\\">西瓜服装</span>哈哈<span style=\\\"font-family: -apple-system, BlinkMacSystemFont, &quot;Segoe UI&quot;, &quot;PingFang SC&quot;, &quot;Hiragino Sans GB&quot;, &quot;Microsoft YaHei&quot;, &quot;Helvetica Neue&quot;, Helvetica, Arial, sans-serif, &quot;Apple Color Emoji&quot;, &quot;Segoe UI Emoji&quot;, &quot;Segoe UI Symbol&quot;;\\\">😄</span></h1>','300','2','2020-05-02 08:16:49','2020-05-02 08:16:49');"
pid: 43153
hostname: huangyaangdeAir.lan

