2020-03-12 04:30:00,013 INFO 35160 [Job#15839586000116479162673878912] G:\work\jintian\yangniula-umi\node_modules\_egg-multipart@2.10.1@egg-multipart\app\schedule\clean_tmpdir.js executing by app
2020-03-12 04:30:00,016 INFO 21492 [Timer] G:\work\jintian\yangniula-umi\node_modules\_egg-multipart@2.10.1@egg-multipart\app\schedule\clean_tmpdir.js next time will execute after 86399989ms at 2020-03-13 04:30:00.005
2020-03-12 04:30:00,177 INFO 35160 [Job#15839586000116479162673878912] G:\work\jintian\yangniula-umi\node_modules\_egg-multipart@2.10.1@egg-multipart\app\schedule\clean_tmpdir.js execute succeed, used 164ms
2020-04-02 19:41:02,841 INFO 37288 [egg-schedule]: register schedule G:\work\jintian\yangniula-umi\node_modules\_egg-multipart@2.10.1@egg-multipart\app\schedule\clean_tmpdir.js
2020-04-02 19:41:02,842 INFO 37288 [egg-schedule]: register schedule G:\work\jintian\yangniula-umi\node_modules\_egg-logrotator@3.1.0@egg-logrotator\app\schedule\clean_log.js
2020-04-02 19:41:02,842 INFO 37288 [egg-schedule]: register schedule G:\work\jintian\yangniula-umi\node_modules\_egg-logrotator@3.1.0@egg-logrotator\app\schedule\rotate_by_file.js
2020-04-02 19:41:05,448 INFO 44000 [Timer] G:\work\jintian\yangniula-umi\node_modules\_egg-multipart@2.10.1@egg-multipart\app\schedule\clean_tmpdir.js next time will execute after 31734562ms at 2020-04-03 04:30:00.010
2020-04-02 19:41:05,448 INFO 44000 [Timer] G:\work\jintian\yangniula-umi\node_modules\_egg-logrotator@3.1.0@egg-logrotator\app\schedule\clean_log.js next time will execute after 15534552ms at 2020-04-03 00:00:00.000
2020-04-02 19:41:05,448 INFO 44000 [Timer] G:\work\jintian\yangniula-umi\node_modules\_egg-logrotator@3.1.0@egg-logrotator\app\schedule\rotate_by_file.js next time will execute after 15535552ms at 2020-04-03 00:00:01.000
2020-04-25 21:52:43,746 INFO 30127 [egg-schedule]: register schedule /Volumes/MY_USB/work/project/yuanqu/yuanqu-admin/node_modules/.2.10.2@egg-multipart/app/schedule/clean_tmpdir.js
2020-04-25 21:52:43,746 INFO 30127 [egg-schedule]: register schedule /Volumes/MY_USB/work/project/yuanqu/yuanqu-admin/node_modules/.3.1.0@egg-logrotator/app/schedule/clean_log.js
2020-04-25 21:52:43,746 INFO 30127 [egg-schedule]: register schedule /Volumes/MY_USB/work/project/yuanqu/yuanqu-admin/node_modules/.3.1.0@egg-logrotator/app/schedule/rotate_by_file.js
2020-04-25 21:52:45,203 INFO 30125 [Timer] /Volumes/MY_USB/work/project/yuanqu/yuanqu-admin/node_modules/.2.10.2@egg-multipart/app/schedule/clean_tmpdir.js next time will execute after 23834817ms at 2020-04-26 04:30:00.020
2020-04-25 21:52:45,205 INFO 30125 [Timer] /Volumes/MY_USB/work/project/yuanqu/yuanqu-admin/node_modules/.3.1.0@egg-logrotator/app/schedule/clean_log.js next time will execute after 7634796ms at 2020-04-26 00:00:00.001
2020-04-25 21:52:45,206 INFO 30125 [Timer] /Volumes/MY_USB/work/project/yuanqu/yuanqu-admin/node_modules/.3.1.0@egg-logrotator/app/schedule/rotate_by_file.js next time will execute after 7635795ms at 2020-04-26 00:00:01.001
2020-04-25 22:12:00,119 INFO 30735 [egg-schedule]: register schedule /Volumes/MY_USB/work/project/yuanqu/yuanqu-admin/node_modules/.2.10.2@egg-multipart/app/schedule/clean_tmpdir.js
2020-04-25 22:12:00,119 INFO 30735 [egg-schedule]: register schedule /Volumes/MY_USB/work/project/yuanqu/yuanqu-admin/node_modules/.3.1.0@egg-logrotator/app/schedule/clean_log.js
2020-04-25 22:12:00,120 INFO 30735 [egg-schedule]: register schedule /Volumes/MY_USB/work/project/yuanqu/yuanqu-admin/node_modules/.3.1.0@egg-logrotator/app/schedule/rotate_by_file.js
2020-04-25 22:12:01,390 INFO 30733 [Timer] /Volumes/MY_USB/work/project/yuanqu/yuanqu-admin/node_modules/.2.10.2@egg-multipart/app/schedule/clean_tmpdir.js next time will execute after 22678614ms at 2020-04-26 04:30:00.004
2020-04-25 22:12:01,390 INFO 30733 [Timer] /Volumes/MY_USB/work/project/yuanqu/yuanqu-admin/node_modules/.3.1.0@egg-logrotator/app/schedule/clean_log.js next time will execute after 6478610ms at 2020-04-26 00:00:00.000
2020-04-25 22:12:01,391 INFO 30733 [Timer] /Volumes/MY_USB/work/project/yuanqu/yuanqu-admin/node_modules/.3.1.0@egg-logrotator/app/schedule/rotate_by_file.js next time will execute after 6479609ms at 2020-04-26 00:00:01.000
2020-04-28 14:01:01,854 INFO 21368 [egg-schedule]: register schedule G:\work\project\yuanqu\yuanqu-admin\node_modules\_egg-multipart@2.10.2@egg-multipart\app\schedule\clean_tmpdir.js
2020-04-28 14:01:01,854 INFO 21368 [egg-schedule]: register schedule G:\work\project\yuanqu\yuanqu-admin\node_modules\_egg-logrotator@3.1.0@egg-logrotator\app\schedule\clean_log.js
2020-04-28 14:01:01,854 INFO 21368 [egg-schedule]: register schedule G:\work\project\yuanqu\yuanqu-admin\node_modules\_egg-logrotator@3.1.0@egg-logrotator\app\schedule\rotate_by_file.js
2020-04-28 14:01:07,578 INFO 20048 [Timer] G:\work\project\yuanqu\yuanqu-admin\node_modules\_egg-multipart@2.10.2@egg-multipart\app\schedule\clean_tmpdir.js next time will execute after 52132447ms at 2020-04-29 04:30:00.025
2020-04-28 14:01:07,580 INFO 20048 [Timer] G:\work\project\yuanqu\yuanqu-admin\node_modules\_egg-logrotator@3.1.0@egg-logrotator\app\schedule\clean_log.js next time will execute after 35932421ms at 2020-04-29 00:00:00.001
2020-04-28 14:01:07,581 INFO 20048 [Timer] G:\work\project\yuanqu\yuanqu-admin\node_modules\_egg-logrotator@3.1.0@egg-logrotator\app\schedule\rotate_by_file.js next time will execute after 35933420ms at 2020-04-29 00:00:01.001
2020-04-28 15:41:38,262 INFO 23152 [egg-schedule]: register schedule G:\work\project\yuanqu\yuanqu-admin\node_modules\_egg-multipart@2.10.2@egg-multipart\app\schedule\clean_tmpdir.js
2020-04-28 15:41:38,262 INFO 23152 [egg-schedule]: register schedule G:\work\project\yuanqu\yuanqu-admin\node_modules\_egg-logrotator@3.1.0@egg-logrotator\app\schedule\clean_log.js
2020-04-28 15:41:38,262 INFO 23152 [egg-schedule]: register schedule G:\work\project\yuanqu\yuanqu-admin\node_modules\_egg-logrotator@3.1.0@egg-logrotator\app\schedule\rotate_by_file.js
2020-04-28 15:41:39,742 INFO 18796 [Timer] G:\work\project\yuanqu\yuanqu-admin\node_modules\_egg-multipart@2.10.2@egg-multipart\app\schedule\clean_tmpdir.js next time will execute after 46100267ms at 2020-04-29 04:30:00.009
2020-04-28 15:41:39,743 INFO 18796 [Timer] G:\work\project\yuanqu\yuanqu-admin\node_modules\_egg-logrotator@3.1.0@egg-logrotator\app\schedule\clean_log.js next time will execute after 29900258ms at 2020-04-29 00:00:00.001
2020-04-28 15:41:39,743 INFO 18796 [Timer] G:\work\project\yuanqu\yuanqu-admin\node_modules\_egg-logrotator@3.1.0@egg-logrotator\app\schedule\rotate_by_file.js next time will execute after 29901257ms at 2020-04-29 00:00:01.000
2020-04-28 15:42:18,223 INFO 21844 [egg-schedule]: register schedule G:\work\project\yuanqu\yuanqu-admin\node_modules\_egg-multipart@2.10.2@egg-multipart\app\schedule\clean_tmpdir.js
2020-04-28 15:42:18,223 INFO 21844 [egg-schedule]: register schedule G:\work\project\yuanqu\yuanqu-admin\node_modules\_egg-logrotator@3.1.0@egg-logrotator\app\schedule\clean_log.js
2020-04-28 15:42:18,223 INFO 21844 [egg-schedule]: register schedule G:\work\project\yuanqu\yuanqu-admin\node_modules\_egg-logrotator@3.1.0@egg-logrotator\app\schedule\rotate_by_file.js
2020-04-28 16:01:29,538 INFO 21120 [egg-schedule]: register schedule G:\work\project\yuanqu\yuanqu-admin\node_modules\_egg-multipart@2.10.2@egg-multipart\app\schedule\clean_tmpdir.js
2020-04-28 16:01:29,539 INFO 21120 [egg-schedule]: register schedule G:\work\project\yuanqu\yuanqu-admin\node_modules\_egg-logrotator@3.1.0@egg-logrotator\app\schedule\clean_log.js
2020-04-28 16:01:29,539 INFO 21120 [egg-schedule]: register schedule G:\work\project\yuanqu\yuanqu-admin\node_modules\_egg-logrotator@3.1.0@egg-logrotator\app\schedule\rotate_by_file.js
2020-04-28 16:01:50,961 INFO 18448 [egg-schedule]: register schedule G:\work\project\yuanqu\yuanqu-admin\node_modules\_egg-multipart@2.10.2@egg-multipart\app\schedule\clean_tmpdir.js
2020-04-28 16:01:50,961 INFO 18448 [egg-schedule]: register schedule G:\work\project\yuanqu\yuanqu-admin\node_modules\_egg-logrotator@3.1.0@egg-logrotator\app\schedule\clean_log.js
2020-04-28 16:01:50,961 INFO 18448 [egg-schedule]: register schedule G:\work\project\yuanqu\yuanqu-admin\node_modules\_egg-logrotator@3.1.0@egg-logrotator\app\schedule\rotate_by_file.js
2020-04-28 16:03:16,088 INFO 10208 [egg-schedule]: register schedule G:\work\project\yuanqu\yuanqu-admin\node_modules\_egg-multipart@2.10.2@egg-multipart\app\schedule\clean_tmpdir.js
2020-04-28 16:03:16,088 INFO 10208 [egg-schedule]: register schedule G:\work\project\yuanqu\yuanqu-admin\node_modules\_egg-logrotator@3.1.0@egg-logrotator\app\schedule\clean_log.js
2020-04-28 16:03:16,088 INFO 10208 [egg-schedule]: register schedule G:\work\project\yuanqu\yuanqu-admin\node_modules\_egg-logrotator@3.1.0@egg-logrotator\app\schedule\rotate_by_file.js
2020-04-28 16:06:05,413 INFO 2236 [egg-schedule]: register schedule G:\work\project\yuanqu\yuanqu-admin\node_modules\_egg-multipart@2.10.2@egg-multipart\app\schedule\clean_tmpdir.js
2020-04-28 16:06:05,414 INFO 2236 [egg-schedule]: register schedule G:\work\project\yuanqu\yuanqu-admin\node_modules\_egg-logrotator@3.1.0@egg-logrotator\app\schedule\clean_log.js
2020-04-28 16:06:05,414 INFO 2236 [egg-schedule]: register schedule G:\work\project\yuanqu\yuanqu-admin\node_modules\_egg-logrotator@3.1.0@egg-logrotator\app\schedule\rotate_by_file.js
2020-04-28 16:07:18,538 INFO 9112 [egg-schedule]: register schedule G:\work\project\yuanqu\yuanqu-admin\node_modules\_egg-multipart@2.10.2@egg-multipart\app\schedule\clean_tmpdir.js
2020-04-28 16:07:18,538 INFO 9112 [egg-schedule]: register schedule G:\work\project\yuanqu\yuanqu-admin\node_modules\_egg-logrotator@3.1.0@egg-logrotator\app\schedule\clean_log.js
2020-04-28 16:07:18,538 INFO 9112 [egg-schedule]: register schedule G:\work\project\yuanqu\yuanqu-admin\node_modules\_egg-logrotator@3.1.0@egg-logrotator\app\schedule\rotate_by_file.js
2020-04-28 16:08:19,611 INFO 20944 [egg-schedule]: register schedule G:\work\project\yuanqu\yuanqu-admin\node_modules\_egg-multipart@2.10.2@egg-multipart\app\schedule\clean_tmpdir.js
2020-04-28 16:08:19,611 INFO 20944 [egg-schedule]: register schedule G:\work\project\yuanqu\yuanqu-admin\node_modules\_egg-logrotator@3.1.0@egg-logrotator\app\schedule\clean_log.js
2020-04-28 16:08:19,611 INFO 20944 [egg-schedule]: register schedule G:\work\project\yuanqu\yuanqu-admin\node_modules\_egg-logrotator@3.1.0@egg-logrotator\app\schedule\rotate_by_file.js
2020-04-28 16:32:13,750 INFO 1328 [egg-schedule]: register schedule G:\work\project\yuanqu\yuanqu-admin\node_modules\_egg-multipart@2.10.2@egg-multipart\app\schedule\clean_tmpdir.js
2020-04-28 16:32:13,750 INFO 1328 [egg-schedule]: register schedule G:\work\project\yuanqu\yuanqu-admin\node_modules\_egg-logrotator@3.1.0@egg-logrotator\app\schedule\clean_log.js
2020-04-28 16:32:13,751 INFO 1328 [egg-schedule]: register schedule G:\work\project\yuanqu\yuanqu-admin\node_modules\_egg-logrotator@3.1.0@egg-logrotator\app\schedule\rotate_by_file.js
2020-04-28 16:32:15,052 INFO 23032 [Timer] G:\work\project\yuanqu\yuanqu-admin\node_modules\_egg-multipart@2.10.2@egg-multipart\app\schedule\clean_tmpdir.js next time will execute after 43064958ms at 2020-04-29 04:30:00.010
2020-04-28 16:32:15,054 INFO 23032 [Timer] G:\work\project\yuanqu\yuanqu-admin\node_modules\_egg-logrotator@3.1.0@egg-logrotator\app\schedule\clean_log.js next time will execute after 26864947ms at 2020-04-29 00:00:00.001
2020-04-28 16:32:15,055 INFO 23032 [Timer] G:\work\project\yuanqu\yuanqu-admin\node_modules\_egg-logrotator@3.1.0@egg-logrotator\app\schedule\rotate_by_file.js next time will execute after 26865945ms at 2020-04-29 00:00:01.000
2020-04-28 16:33:19,006 INFO 21472 [egg-schedule]: register schedule G:\work\project\yuanqu\yuanqu-admin\node_modules\_egg-multipart@2.10.2@egg-multipart\app\schedule\clean_tmpdir.js
2020-04-28 16:33:19,006 INFO 21472 [egg-schedule]: register schedule G:\work\project\yuanqu\yuanqu-admin\node_modules\_egg-logrotator@3.1.0@egg-logrotator\app\schedule\clean_log.js
2020-04-28 16:33:19,006 INFO 21472 [egg-schedule]: register schedule G:\work\project\yuanqu\yuanqu-admin\node_modules\_egg-logrotator@3.1.0@egg-logrotator\app\schedule\rotate_by_file.js
2020-04-28 16:33:59,288 INFO 21724 [egg-schedule]: register schedule G:\work\project\yuanqu\yuanqu-admin\node_modules\_egg-multipart@2.10.2@egg-multipart\app\schedule\clean_tmpdir.js
2020-04-28 16:33:59,288 INFO 21724 [egg-schedule]: register schedule G:\work\project\yuanqu\yuanqu-admin\node_modules\_egg-logrotator@3.1.0@egg-logrotator\app\schedule\clean_log.js
2020-04-28 16:33:59,288 INFO 21724 [egg-schedule]: register schedule G:\work\project\yuanqu\yuanqu-admin\node_modules\_egg-logrotator@3.1.0@egg-logrotator\app\schedule\rotate_by_file.js
2020-04-28 16:34:00,336 INFO 13892 [Timer] G:\work\project\yuanqu\yuanqu-admin\node_modules\_egg-multipart@2.10.2@egg-multipart\app\schedule\clean_tmpdir.js next time will execute after 42959671ms at 2020-04-29 04:30:00.007
2020-04-28 16:34:00,336 INFO 13892 [Timer] G:\work\project\yuanqu\yuanqu-admin\node_modules\_egg-logrotator@3.1.0@egg-logrotator\app\schedule\clean_log.js next time will execute after 26759664ms at 2020-04-29 00:00:00.000
2020-04-28 16:34:00,337 INFO 13892 [Timer] G:\work\project\yuanqu\yuanqu-admin\node_modules\_egg-logrotator@3.1.0@egg-logrotator\app\schedule\rotate_by_file.js next time will execute after 26760664ms at 2020-04-29 00:00:01.001
2020-04-28 16:41:20,487 INFO 22656 [egg-schedule]: register schedule G:\work\project\yuanqu\yuanqu-admin\node_modules\_egg-multipart@2.10.2@egg-multipart\app\schedule\clean_tmpdir.js
2020-04-28 16:41:20,487 INFO 22656 [egg-schedule]: register schedule G:\work\project\yuanqu\yuanqu-admin\node_modules\_egg-logrotator@3.1.0@egg-logrotator\app\schedule\clean_log.js
2020-04-28 16:41:20,487 INFO 22656 [egg-schedule]: register schedule G:\work\project\yuanqu\yuanqu-admin\node_modules\_egg-logrotator@3.1.0@egg-logrotator\app\schedule\rotate_by_file.js
2020-04-28 16:43:31,123 INFO 18000 [egg-schedule]: register schedule G:\work\project\yuanqu\yuanqu-admin\node_modules\_egg-multipart@2.10.2@egg-multipart\app\schedule\clean_tmpdir.js
2020-04-28 16:43:31,123 INFO 18000 [egg-schedule]: register schedule G:\work\project\yuanqu\yuanqu-admin\node_modules\_egg-logrotator@3.1.0@egg-logrotator\app\schedule\clean_log.js
2020-04-28 16:43:31,123 INFO 18000 [egg-schedule]: register schedule G:\work\project\yuanqu\yuanqu-admin\node_modules\_egg-logrotator@3.1.0@egg-logrotator\app\schedule\rotate_by_file.js
2020-04-28 16:43:36,486 INFO 23032 [egg-schedule]: register schedule G:\work\project\yuanqu\yuanqu-admin\node_modules\_egg-multipart@2.10.2@egg-multipart\app\schedule\clean_tmpdir.js
2020-04-28 16:43:36,486 INFO 23032 [egg-schedule]: register schedule G:\work\project\yuanqu\yuanqu-admin\node_modules\_egg-logrotator@3.1.0@egg-logrotator\app\schedule\clean_log.js
2020-04-28 16:43:36,486 INFO 23032 [egg-schedule]: register schedule G:\work\project\yuanqu\yuanqu-admin\node_modules\_egg-logrotator@3.1.0@egg-logrotator\app\schedule\rotate_by_file.js
2020-04-28 16:54:52,720 INFO 24348 [egg-schedule]: register schedule G:\work\project\yuanqu\yuanqu-admin\node_modules\_egg-multipart@2.10.2@egg-multipart\app\schedule\clean_tmpdir.js
2020-04-28 16:54:52,720 INFO 24348 [egg-schedule]: register schedule G:\work\project\yuanqu\yuanqu-admin\node_modules\_egg-logrotator@3.1.0@egg-logrotator\app\schedule\clean_log.js
2020-04-28 16:54:52,720 INFO 24348 [egg-schedule]: register schedule G:\work\project\yuanqu\yuanqu-admin\node_modules\_egg-logrotator@3.1.0@egg-logrotator\app\schedule\rotate_by_file.js
2020-04-28 16:58:31,326 INFO 12980 [egg-schedule]: register schedule G:\work\project\yuanqu\yuanqu-admin\node_modules\_egg-multipart@2.10.2@egg-multipart\app\schedule\clean_tmpdir.js
2020-04-28 16:58:31,326 INFO 12980 [egg-schedule]: register schedule G:\work\project\yuanqu\yuanqu-admin\node_modules\_egg-logrotator@3.1.0@egg-logrotator\app\schedule\clean_log.js
2020-04-28 16:58:31,326 INFO 12980 [egg-schedule]: register schedule G:\work\project\yuanqu\yuanqu-admin\node_modules\_egg-logrotator@3.1.0@egg-logrotator\app\schedule\rotate_by_file.js
2020-04-28 17:10:22,721 INFO 7532 [egg-schedule]: register schedule G:\work\project\yuanqu\yuanqu-admin\node_modules\_egg-multipart@2.10.2@egg-multipart\app\schedule\clean_tmpdir.js
2020-04-28 17:10:22,721 INFO 7532 [egg-schedule]: register schedule G:\work\project\yuanqu\yuanqu-admin\node_modules\_egg-logrotator@3.1.0@egg-logrotator\app\schedule\clean_log.js
2020-04-28 17:10:22,721 INFO 7532 [egg-schedule]: register schedule G:\work\project\yuanqu\yuanqu-admin\node_modules\_egg-logrotator@3.1.0@egg-logrotator\app\schedule\rotate_by_file.js
2020-04-28 17:10:24,056 INFO 18468 [Timer] G:\work\project\yuanqu\yuanqu-admin\node_modules\_egg-multipart@2.10.2@egg-multipart\app\schedule\clean_tmpdir.js next time will execute after 40775952ms at 2020-04-29 04:30:00.008
2020-04-28 17:10:24,057 INFO 18468 [Timer] G:\work\project\yuanqu\yuanqu-admin\node_modules\_egg-logrotator@3.1.0@egg-logrotator\app\schedule\clean_log.js next time will execute after 24575943ms at 2020-04-29 00:00:00.000
2020-04-28 17:10:24,057 INFO 18468 [Timer] G:\work\project\yuanqu\yuanqu-admin\node_modules\_egg-logrotator@3.1.0@egg-logrotator\app\schedule\rotate_by_file.js next time will execute after 24576943ms at 2020-04-29 00:00:01.000
2020-04-28 17:12:46,057 INFO 21084 [egg-schedule]: register schedule G:\work\project\yuanqu\yuanqu-admin\node_modules\_egg-multipart@2.10.2@egg-multipart\app\schedule\clean_tmpdir.js
2020-04-28 17:12:46,057 INFO 21084 [egg-schedule]: register schedule G:\work\project\yuanqu\yuanqu-admin\node_modules\_egg-logrotator@3.1.0@egg-logrotator\app\schedule\clean_log.js
2020-04-28 17:12:46,057 INFO 21084 [egg-schedule]: register schedule G:\work\project\yuanqu\yuanqu-admin\node_modules\_egg-logrotator@3.1.0@egg-logrotator\app\schedule\rotate_by_file.js
2020-04-28 17:13:47,467 INFO 23612 [egg-schedule]: register schedule G:\work\project\yuanqu\yuanqu-admin\node_modules\_egg-multipart@2.10.2@egg-multipart\app\schedule\clean_tmpdir.js
2020-04-28 17:13:47,467 INFO 23612 [egg-schedule]: register schedule G:\work\project\yuanqu\yuanqu-admin\node_modules\_egg-logrotator@3.1.0@egg-logrotator\app\schedule\clean_log.js
2020-04-28 17:13:47,467 INFO 23612 [egg-schedule]: register schedule G:\work\project\yuanqu\yuanqu-admin\node_modules\_egg-logrotator@3.1.0@egg-logrotator\app\schedule\rotate_by_file.js
2020-04-28 17:15:07,339 INFO 11720 [egg-schedule]: register schedule G:\work\project\yuanqu\yuanqu-admin\node_modules\_egg-multipart@2.10.2@egg-multipart\app\schedule\clean_tmpdir.js
2020-04-28 17:15:07,339 INFO 11720 [egg-schedule]: register schedule G:\work\project\yuanqu\yuanqu-admin\node_modules\_egg-logrotator@3.1.0@egg-logrotator\app\schedule\clean_log.js
2020-04-28 17:15:07,339 INFO 11720 [egg-schedule]: register schedule G:\work\project\yuanqu\yuanqu-admin\node_modules\_egg-logrotator@3.1.0@egg-logrotator\app\schedule\rotate_by_file.js
2020-04-28 17:16:52,754 INFO 1548 [egg-schedule]: register schedule G:\work\project\yuanqu\yuanqu-admin\node_modules\_egg-multipart@2.10.2@egg-multipart\app\schedule\clean_tmpdir.js
2020-04-28 17:16:52,754 INFO 1548 [egg-schedule]: register schedule G:\work\project\yuanqu\yuanqu-admin\node_modules\_egg-logrotator@3.1.0@egg-logrotator\app\schedule\clean_log.js
2020-04-28 17:16:52,754 INFO 1548 [egg-schedule]: register schedule G:\work\project\yuanqu\yuanqu-admin\node_modules\_egg-logrotator@3.1.0@egg-logrotator\app\schedule\rotate_by_file.js
2020-04-28 17:18:02,583 INFO 24496 [egg-schedule]: register schedule G:\work\project\yuanqu\yuanqu-admin\node_modules\_egg-multipart@2.10.2@egg-multipart\app\schedule\clean_tmpdir.js
2020-04-28 17:18:02,583 INFO 24496 [egg-schedule]: register schedule G:\work\project\yuanqu\yuanqu-admin\node_modules\_egg-logrotator@3.1.0@egg-logrotator\app\schedule\clean_log.js
2020-04-28 17:18:02,583 INFO 24496 [egg-schedule]: register schedule G:\work\project\yuanqu\yuanqu-admin\node_modules\_egg-logrotator@3.1.0@egg-logrotator\app\schedule\rotate_by_file.js
