2020-05-02 00:00:11,088 INFO 21922 [egg-logrotator] app logger reload: got log-reload message
2020-05-02 00:26:39,809 INFO 33719 [egg:logger] init all loggers with options: {"dir":"/Volumes/MY_USB/work/opensource/jsyang-admin/logs/server","encoding":"utf8","env":"local","level":"INFO","consoleLevel":"INFO","disableConsoleAfterReady":false,"outputJSON":false,"buffer":true,"appLogName":"server-web.log","coreLogName":"egg-web.log","agentLogName":"egg-agent.log","errorLogName":"common-error.log","coreLogger":{"consoleLevel":"WARN"},"allowDebugAtProd":false,"type":"application"}
2020-05-02 00:26:40,019 INFO 33719 [egg-multipart] file mode enable
2020-05-02 00:26:40,020 INFO 33719 [egg-multipart] will save temporary files to "/var/folders/6h/27s2893j1k98dc94fh6l2l740000gn/T/egg-multipart-tmp/server", cleanup job cron: "0 30 4 * * *"
2020-05-02 00:26:48,274 INFO 33719 [egg-static] starting static serve / -> /Volumes/MY_USB/work/opensource/jsyang-admin/app/public
2020-05-02 00:26:48,310 INFO 33719 [egg-security] use methodnoallow middleware
2020-05-02 00:26:48,405 INFO 33719 [egg-security] use noopen middleware
2020-05-02 00:26:48,408 INFO 33719 [egg-security] use nosniff middleware
2020-05-02 00:26:48,444 INFO 33719 [egg-security] use xssProtection middleware
2020-05-02 00:26:48,451 INFO 33719 [egg-security] use xframe middleware
2020-05-02 00:26:48,452 INFO 33719 [egg-security] use dta middleware
2020-05-02 00:26:48,452 INFO 33719 [egg-security] compose 6 middlewares into one security middleware
2020-05-02 00:26:48,907 INFO 33719 [egg:core] dump config after load, 126ms
2020-05-02 00:26:49,876 INFO 33719 [egg-watcher:application] watcher start success
2020-05-02 00:26:50,033 INFO 33719 [egg:core] dump config after ready, 22ms
2020-05-02 10:36:23,410 WARN 33719 [TCPBase] socket is closed by other side while there were still unhandled data in the socket buffer
2020-05-02 10:36:23,492 WARN 33719 [ClusterClient:Watcher] follower closed, and try to init it again
2020-05-02 14:21:02,741 INFO 33719 [-/127.0.0.1/-/66ms SCHEDULE /__schedule?path=/Volumes/MY_USB/work/opensource/jsyang-admin/node_modules/.2.10.2@egg-multipart/app/schedule/clean_tmpdir.js&type=worker&cron=0%2030%204%20*%20*%20*&immediate=false] [egg-multipart:CleanTmpdir] start clean tmpdir: "/var/folders/6h/27s2893j1k98dc94fh6l2l740000gn/T/egg-multipart-tmp/server"
2020-05-02 14:21:03,404 INFO 33719 [-/127.0.0.1/-/853ms SCHEDULE /__schedule?path=/Volumes/MY_USB/work/opensource/jsyang-admin/node_modules/.2.10.2@egg-multipart/app/schedule/clean_tmpdir.js&type=worker&cron=0%2030%204%20*%20*%20*&immediate=false] [egg-multipart:CleanTmpdir] end
2020-05-02 16:02:37,057 INFO 43153 [egg:logger] init all loggers with options: {"dir":"/Volumes/MY_USB/work/opensource/jsyang-admin/logs/server","encoding":"utf8","env":"local","level":"INFO","consoleLevel":"INFO","disableConsoleAfterReady":false,"outputJSON":false,"buffer":true,"appLogName":"server-web.log","coreLogName":"egg-web.log","agentLogName":"egg-agent.log","errorLogName":"common-error.log","coreLogger":{"consoleLevel":"WARN"},"allowDebugAtProd":false,"type":"application"}
2020-05-02 16:02:37,281 INFO 43153 [egg-multipart] file mode enable
2020-05-02 16:02:37,281 INFO 43153 [egg-multipart] will save temporary files to "/var/folders/6h/27s2893j1k98dc94fh6l2l740000gn/T/egg-multipart-tmp/server", cleanup job cron: "0 30 4 * * *"
2020-05-02 16:02:40,432 INFO 43153 [egg-static] starting static serve / -> /Volumes/MY_USB/work/opensource/jsyang-admin/app/public
2020-05-02 16:02:40,438 INFO 43153 [egg-security] use methodnoallow middleware
2020-05-02 16:02:40,440 INFO 43153 [egg-security] use noopen middleware
2020-05-02 16:02:40,442 INFO 43153 [egg-security] use nosniff middleware
2020-05-02 16:02:40,443 INFO 43153 [egg-security] use xssProtection middleware
2020-05-02 16:02:40,445 INFO 43153 [egg-security] use xframe middleware
2020-05-02 16:02:40,448 INFO 43153 [egg-security] use dta middleware
2020-05-02 16:02:40,448 INFO 43153 [egg-security] compose 6 middlewares into one security middleware
2020-05-02 16:02:40,506 INFO 43153 [egg:core] dump config after load, 15ms
2020-05-02 16:02:40,594 INFO 43153 [egg-watcher:application] watcher start success
2020-05-02 16:02:40,785 INFO 43153 [egg:core] dump config after ready, 18ms
